[29/Oct/2018 15:51:10] DEBUG [browser.tasks:333] UserID:None - In index
[29/Oct/2018 15:51:10] DEBUG [browser.tasks:537] {}
[29/Oct/2018 15:51:26] DEBUG [browser.tasks:640] UserID:None - In jobs
[29/Oct/2018 15:51:36] DEBUG [browser.tasks:333] UserID:None - In index
[29/Oct/2018 15:51:36] DEBUG [browser.tasks:537] {}
[29/Oct/2018 15:52:15] DEBUG [browser.tasks:333] UserID:None - In index
[29/Oct/2018 15:52:15] DEBUG [browser.tasks:537] {}
[29/Oct/2018 15:54:33] DEBUG [browser.tasks:333] UserID:None - In index
[29/Oct/2018 15:54:33] DEBUG [browser.tasks:537] {}
[29/Oct/2018 15:58:20] DEBUG [browser.tasks:333] UserID:None - In index
[29/Oct/2018 15:58:20] DEBUG [browser.tasks:537] {}
[29/Oct/2018 15:59:47] DEBUG [browser.tasks:333] UserID:None - In index
[29/Oct/2018 15:59:47] DEBUG [browser.tasks:537] {}
[29/Oct/2018 16:00:29] DEBUG [browser.tasks:333] UserID:None - In index
[29/Oct/2018 16:00:29] DEBUG [browser.tasks:537] {}
[29/Oct/2018 16:00:35] DEBUG [browser.tasks:333] UserID:None - In index
[29/Oct/2018 16:00:35] DEBUG [browser.tasks:537] {}
[29/Oct/2018 16:00:36] DEBUG [browser.tasks:333] UserID:None - In index
[29/Oct/2018 16:00:36] DEBUG [browser.tasks:537] {}
[29/Oct/2018 16:01:30] DEBUG [browser.tasks:333] UserID:None - In index
[29/Oct/2018 16:01:30] DEBUG [browser.tasks:537] {}
[29/Oct/2018 16:01:40] DEBUG [browser.tasks:333] UserID:None - In index
[29/Oct/2018 16:01:40] DEBUG [browser.tasks:537] {}
[29/Oct/2018 16:02:44] DEBUG [browser.tasks:333] UserID:None - In index
[29/Oct/2018 16:02:44] DEBUG [browser.tasks:537] {}
[29/Oct/2018 16:04:33] DEBUG [browser.tasks:333] UserID:None - In index
[29/Oct/2018 16:04:33] DEBUG [browser.tasks:537] {}
[29/Oct/2018 16:04:37] DEBUG [browser.tasks:333] UserID:None - In index
[29/Oct/2018 16:04:37] DEBUG [browser.tasks:537] {}
[29/Oct/2018 16:08:35] DEBUG [browser.tasks:333] UserID:None - In index
[29/Oct/2018 16:08:35] DEBUG [browser.tasks:537] {}
[29/Oct/2018 16:09:45] DEBUG [browser.tasks:333] UserID:None - In index
[29/Oct/2018 16:09:45] DEBUG [browser.tasks:537] {}
[29/Oct/2018 16:11:08] DEBUG [browser.tasks:333] UserID:None - In index
[29/Oct/2018 16:11:08] DEBUG [browser.tasks:537] {}
[29/Oct/2018 16:11:17] DEBUG [browser.tasks:333] UserID:None - In index
[29/Oct/2018 16:11:18] DEBUG [browser.tasks:537] {}
[29/Oct/2018 16:12:23] DEBUG [browser.tasks:333] UserID:None - In index
[29/Oct/2018 16:12:23] DEBUG [browser.tasks:537] {}
[29/Oct/2018 16:12:25] DEBUG [browser.tasks:110] getting graph metrics
[29/Oct/2018 16:12:25] DEBUG [browser.tasks:117] match (s:Pubmed) return count(s) as s union match (s:Mesh) return count(s) as s union match (s:SDB_triple) return count(s) as s union match (s:SDB_item) return count(s) as s;
[29/Oct/2018 16:12:25] DEBUG [browser.tasks:123] [27834091, 464122, 17713742, 284801]
[29/Oct/2018 16:12:25] DEBUG [browser.tasks:127] getting time data...
[29/Oct/2018 16:12:25] DEBUG [browser.tasks:110] getting graph metrics
[29/Oct/2018 16:12:25] DEBUG [browser.tasks:117] match (s:Pubmed) return count(s) as s union match (s:Mesh) return count(s) as s union match (s:SDB_triple) return count(s) as s union match (s:SDB_item) return count(s) as s;
[29/Oct/2018 16:12:25] DEBUG [browser.tasks:123] [27834091, 464122, 17713742, 284801]
[29/Oct/2018 16:12:25] DEBUG [browser.tasks:127] getting time data...
[29/Oct/2018 16:16:32] DEBUG [browser.tasks:333] UserID:None - In index
[29/Oct/2018 16:16:32] DEBUG [browser.tasks:537] {}
[29/Oct/2018 16:16:33] DEBUG [browser.tasks:110] getting graph metrics
[29/Oct/2018 16:16:33] DEBUG [browser.tasks:117] match (s:Pubmed) return count(s) as s union match (s:Mesh) return count(s) as s union match (s:SDB_triple) return count(s) as s union match (s:SDB_item) return count(s) as s;
[29/Oct/2018 16:16:33] DEBUG [browser.tasks:123] [27834091, 464122, 17713742, 284801]
[29/Oct/2018 16:16:33] DEBUG [browser.tasks:127] getting time data...
[29/Oct/2018 16:16:34] DEBUG [browser.tasks:110] getting graph metrics
[29/Oct/2018 16:16:34] DEBUG [browser.tasks:117] match (s:Pubmed) return count(s) as s union match (s:Mesh) return count(s) as s union match (s:SDB_triple) return count(s) as s union match (s:SDB_item) return count(s) as s;
[29/Oct/2018 16:16:34] DEBUG [browser.tasks:123] [27834091, 464122, 17713742, 284801]
[29/Oct/2018 16:16:34] DEBUG [browser.tasks:127] getting time data...
[29/Oct/2018 16:26:36] DEBUG [browser.tasks:333] UserID:None - In index
[29/Oct/2018 16:26:36] DEBUG [browser.tasks:537] {}
[29/Oct/2018 16:26:37] DEBUG [browser.tasks:110] getting graph metrics
[29/Oct/2018 16:26:37] DEBUG [browser.tasks:117] match (s:Pubmed) return count(s) as s union match (s:Mesh) return count(s) as s union match (s:SDB_triple) return count(s) as s union match (s:SDB_item) return count(s) as s;
[29/Oct/2018 16:26:37] DEBUG [browser.tasks:123] [27834091, 464122, 17713742, 284801]
[29/Oct/2018 16:26:37] DEBUG [browser.tasks:127] getting time data...
[29/Oct/2018 16:26:38] DEBUG [browser.tasks:110] getting graph metrics
[29/Oct/2018 16:26:38] DEBUG [browser.tasks:117] match (s:Pubmed) return count(s) as s union match (s:Mesh) return count(s) as s union match (s:SDB_triple) return count(s) as s union match (s:SDB_item) return count(s) as s;
[29/Oct/2018 16:26:38] DEBUG [browser.tasks:123] [27834091, 464122, 17713742, 284801]
[29/Oct/2018 16:26:38] DEBUG [browser.tasks:127] getting time data...
[29/Oct/2018 16:31:31] DEBUG [browser.tasks:333] UserID:None - In index
[29/Oct/2018 16:31:31] DEBUG [browser.tasks:537] {}
[29/Oct/2018 16:31:33] DEBUG [browser.tasks:110] getting graph metrics
[29/Oct/2018 16:31:33] DEBUG [browser.tasks:110] getting graph metrics
[29/Oct/2018 16:31:33] DEBUG [browser.tasks:117] match (s:Pubmed) return count(s) as s union match (s:Mesh) return count(s) as s union match (s:SDB_triple) return count(s) as s union match (s:SDB_item) return count(s) as s;
[29/Oct/2018 16:31:33] DEBUG [browser.tasks:117] match (s:Pubmed) return count(s) as s union match (s:Mesh) return count(s) as s union match (s:SDB_triple) return count(s) as s union match (s:SDB_item) return count(s) as s;
[29/Oct/2018 16:31:33] DEBUG [browser.tasks:123] [27834091, 464122, 17713742, 284801]
[29/Oct/2018 16:31:33] DEBUG [browser.tasks:123] [27834091, 464122, 17713742, 284801]
[29/Oct/2018 16:31:33] DEBUG [browser.tasks:127] getting time data...
[29/Oct/2018 16:31:33] DEBUG [browser.tasks:127] getting time data...
[29/Oct/2018 16:36:16] DEBUG [browser.tasks:333] UserID:None - In index
[29/Oct/2018 16:36:16] DEBUG [browser.tasks:537] {}
[29/Oct/2018 16:36:19] DEBUG [browser.tasks:110] getting graph metrics
[29/Oct/2018 16:36:19] DEBUG [browser.tasks:117] match (s:Pubmed) return count(s) as s union match (s:Mesh) return count(s) as s union match (s:SDB_triple) return count(s) as s union match (s:SDB_item) return count(s) as s;
[29/Oct/2018 16:36:19] DEBUG [browser.tasks:110] getting graph metrics
[29/Oct/2018 16:36:19] DEBUG [browser.tasks:117] match (s:Pubmed) return count(s) as s union match (s:Mesh) return count(s) as s union match (s:SDB_triple) return count(s) as s union match (s:SDB_item) return count(s) as s;
[29/Oct/2018 16:36:19] DEBUG [browser.tasks:123] [27834091, 464122, 17713742, 284801]
[29/Oct/2018 16:36:19] DEBUG [browser.tasks:127] getting time data...
[29/Oct/2018 16:36:19] DEBUG [browser.tasks:123] [27834091, 464122, 17713742, 284801]
[29/Oct/2018 16:36:19] DEBUG [browser.tasks:127] getting time data...
[29/Oct/2018 16:48:18] DEBUG [browser.tasks:333] UserID:None - In index
[29/Oct/2018 16:48:18] DEBUG [browser.tasks:537] {}
[29/Oct/2018 16:48:19] DEBUG [browser.tasks:110] getting graph metrics
[29/Oct/2018 16:48:19] DEBUG [browser.tasks:117] match (s:Pubmed) return count(s) as s union match (s:Mesh) return count(s) as s union match (s:SDB_triple) return count(s) as s union match (s:SDB_item) return count(s) as s;
[29/Oct/2018 16:48:19] DEBUG [browser.tasks:123] [27834091, 464122, 17713742, 284801]
[29/Oct/2018 16:48:19] DEBUG [browser.tasks:127] getting time data...
[29/Oct/2018 16:48:20] DEBUG [browser.tasks:110] getting graph metrics
[29/Oct/2018 16:48:20] DEBUG [browser.tasks:117] match (s:Pubmed) return count(s) as s union match (s:Mesh) return count(s) as s union match (s:SDB_triple) return count(s) as s union match (s:SDB_item) return count(s) as s;
[29/Oct/2018 16:48:20] DEBUG [browser.tasks:123] [27834091, 464122, 17713742, 284801]
[29/Oct/2018 16:48:20] DEBUG [browser.tasks:127] getting time data...
[29/Oct/2018 16:58:58] DEBUG [browser.tasks:333] UserID:None - In index
[29/Oct/2018 16:58:58] DEBUG [browser.tasks:537] {}
[29/Oct/2018 16:59:00] DEBUG [browser.tasks:110] getting graph metrics
[29/Oct/2018 16:59:00] DEBUG [browser.tasks:117] match (s:Pubmed) return count(s) as s union match (s:Mesh) return count(s) as s union match (s:SDB_triple) return count(s) as s union match (s:SDB_item) return count(s) as s;
[29/Oct/2018 16:59:01] DEBUG [browser.tasks:123] [27834091, 464122, 17713742, 284801]
[29/Oct/2018 16:59:01] DEBUG [browser.tasks:127] getting time data...
[29/Oct/2018 16:59:01] DEBUG [browser.tasks:110] getting graph metrics
[29/Oct/2018 16:59:01] DEBUG [browser.tasks:117] match (s:Pubmed) return count(s) as s union match (s:Mesh) return count(s) as s union match (s:SDB_triple) return count(s) as s union match (s:SDB_item) return count(s) as s;
[29/Oct/2018 16:59:01] DEBUG [browser.tasks:123] [27834091, 464122, 17713742, 284801]
[29/Oct/2018 16:59:01] DEBUG [browser.tasks:127] getting time data...
[29/Oct/2018 16:59:41] DEBUG [browser.tasks:333] UserID:None - In index
[29/Oct/2018 16:59:41] DEBUG [browser.tasks:537] {}
[29/Oct/2018 16:59:43] DEBUG [browser.tasks:110] getting graph metrics
[29/Oct/2018 16:59:43] DEBUG [browser.tasks:117] match (s:Pubmed) return count(s) as s union match (s:Mesh) return count(s) as s union match (s:SDB_triple) return count(s) as s union match (s:SDB_item) return count(s) as s;
[29/Oct/2018 16:59:43] DEBUG [browser.tasks:110] getting graph metrics
[29/Oct/2018 16:59:43] DEBUG [browser.tasks:117] match (s:Pubmed) return count(s) as s union match (s:Mesh) return count(s) as s union match (s:SDB_triple) return count(s) as s union match (s:SDB_item) return count(s) as s;
[29/Oct/2018 16:59:43] DEBUG [browser.tasks:123] [27834091, 464122, 17713742, 284801]
[29/Oct/2018 16:59:43] DEBUG [browser.tasks:127] getting time data...
[29/Oct/2018 16:59:43] DEBUG [browser.tasks:123] [27834091, 464122, 17713742, 284801]
[29/Oct/2018 16:59:43] DEBUG [browser.tasks:127] getting time data...
[29/Oct/2018 16:59:44] DEBUG [browser.tasks:333] UserID:None - In index
[29/Oct/2018 16:59:44] DEBUG [browser.tasks:537] {}
[29/Oct/2018 16:59:44] DEBUG [browser.tasks:110] getting graph metrics
[29/Oct/2018 16:59:44] DEBUG [browser.tasks:117] match (s:Pubmed) return count(s) as s union match (s:Mesh) return count(s) as s union match (s:SDB_triple) return count(s) as s union match (s:SDB_item) return count(s) as s;
[29/Oct/2018 16:59:44] DEBUG [browser.tasks:123] [27834091, 464122, 17713742, 284801]
[29/Oct/2018 16:59:44] DEBUG [browser.tasks:127] getting time data...
[29/Oct/2018 16:59:44] DEBUG [browser.tasks:110] getting graph metrics
[29/Oct/2018 16:59:44] DEBUG [browser.tasks:117] match (s:Pubmed) return count(s) as s union match (s:Mesh) return count(s) as s union match (s:SDB_triple) return count(s) as s union match (s:SDB_item) return count(s) as s;
[29/Oct/2018 16:59:44] DEBUG [browser.tasks:123] [27834091, 464122, 17713742, 284801]
[29/Oct/2018 16:59:44] DEBUG [browser.tasks:127] getting time data...
[29/Oct/2018 17:01:12] DEBUG [browser.tasks:333] UserID:None - In index
[29/Oct/2018 17:01:12] DEBUG [browser.tasks:537] {}
[29/Oct/2018 17:01:13] DEBUG [browser.tasks:110] getting graph metrics
[29/Oct/2018 17:01:13] DEBUG [browser.tasks:117] match (s:Pubmed) return count(s) as s union match (s:Mesh) return count(s) as s union match (s:SDB_triple) return count(s) as s union match (s:SDB_item) return count(s) as s;
[29/Oct/2018 17:01:13] DEBUG [browser.tasks:123] [27834091, 464122, 17713742, 284801]
[29/Oct/2018 17:01:13] DEBUG [browser.tasks:127] getting time data...
[29/Oct/2018 17:01:14] DEBUG [browser.tasks:110] getting graph metrics
[29/Oct/2018 17:01:14] DEBUG [browser.tasks:117] match (s:Pubmed) return count(s) as s union match (s:Mesh) return count(s) as s union match (s:SDB_triple) return count(s) as s union match (s:SDB_item) return count(s) as s;
[29/Oct/2018 17:01:14] DEBUG [browser.tasks:123] [27834091, 464122, 17713742, 284801]
[29/Oct/2018 17:01:14] DEBUG [browser.tasks:127] getting time data...
[29/Oct/2018 17:01:35] DEBUG [browser.tasks:333] UserID:None - In index
[29/Oct/2018 17:01:35] DEBUG [browser.tasks:537] {}
[29/Oct/2018 17:01:40] DEBUG [browser.tasks:333] UserID:None - In index
[29/Oct/2018 17:01:40] DEBUG [browser.tasks:537] {}
[29/Oct/2018 17:01:40] DEBUG [browser.tasks:110] getting graph metrics
[29/Oct/2018 17:01:40] DEBUG [browser.tasks:117] match (s:Pubmed) return count(s) as s union match (s:Mesh) return count(s) as s union match (s:SDB_triple) return count(s) as s union match (s:SDB_item) return count(s) as s;
[29/Oct/2018 17:01:40] DEBUG [browser.tasks:110] getting graph metrics
[29/Oct/2018 17:01:40] DEBUG [browser.tasks:117] match (s:Pubmed) return count(s) as s union match (s:Mesh) return count(s) as s union match (s:SDB_triple) return count(s) as s union match (s:SDB_item) return count(s) as s;
[29/Oct/2018 17:01:40] DEBUG [browser.tasks:123] [27834091, 464122, 17713742, 284801]
[29/Oct/2018 17:01:40] DEBUG [browser.tasks:127] getting time data...
[29/Oct/2018 17:01:40] DEBUG [browser.tasks:123] [27834091, 464122, 17713742, 284801]
[29/Oct/2018 17:01:40] DEBUG [browser.tasks:127] getting time data...
